<?xml version="1.0" encoding="UTF-8"?>
<!-- Generated by org.testng.reporters.JUnitReportReporter -->
<testsuite skipped="0" hostname="DESKTOP-CTSJTNG" name="org.maven.MavenProject.Test1" tests="6" failures="0" timestamp="2020-07-23T14:45:18 IST" time="0.058" errors="0">
  <testcase name="test2" time="0.012" classname="org.maven.MavenProject.Test1"/>
  <system-out/>
  <testcase name="test1" time="0.012" classname="org.maven.MavenProject.Test1"/>
  <system-out/>
  <testcase name="test3" time="0.012" classname="org.maven.MavenProject.Test1"/>
  <system-out/>
  <testcase name="test1" time="0.000" classname="org.maven.MavenProject.Test1"/>
  <system-out/>
  <testcase name="test4" time="0.010" classname="org.maven.MavenProject.Test1"/>
  <system-out/>
  <testcase name="test5" time="0.012" classname="org.maven.MavenProject.Test1"/>
  <system-out/>
</testsuite> <!-- org.maven.MavenProject.Test1 -->
