<?xml version="1.0" encoding="UTF-8"?>
<!-- Generated by org.testng.reporters.JUnitReportReporter -->
<testsuite skipped="0" hostname="DESKTOP-CTSJTNG" name="org.maven.MavenProject.Day1" tests="2" failures="0" timestamp="2020-07-24T11:18:11 IST" time="0.016" errors="0">
  <testcase name="test1" time="0.016" classname="org.maven.MavenProject.Day1"/>
  <system-out/>
  <testcase name="test2" time="0.000" classname="org.maven.MavenProject.Day1"/>
  <system-out/>
</testsuite> <!-- org.maven.MavenProject.Day1 -->
