<?xml version="1.0" encoding="UTF-8"?>
<!-- Generated by org.testng.reporters.JUnitReportReporter -->
<testsuite skipped="0" hostname="DESKTOP-CTSJTNG" name="org.maven.MavenProject.Sample1" tests="4" failures="0" timestamp="2020-07-23T14:45:18 IST" time="0.044" errors="0">
  <testcase name="test7" time="0.000" classname="org.maven.MavenProject.Sample1"/>
  <system-out/>
  <testcase name="test6" time="0.009" classname="org.maven.MavenProject.Sample1"/>
  <system-out/>
  <testcase name="test8" time="0.035" classname="org.maven.MavenProject.Sample1"/>
  <system-out/>
  <testcase name="test9" time="0.000" classname="org.maven.MavenProject.Sample1"/>
  <system-out/>
</testsuite> <!-- org.maven.MavenProject.Sample1 -->
