<?xml version="1.0" encoding="UTF-8"?>
<!-- Generated by org.testng.reporters.JUnitReportReporter -->
<testsuite skipped="0" hostname="DESKTOP-CTSJTNG" name="org.maven.MavenProject.SampleTest" tests="5" failures="0" timestamp="2020-07-21T12:04:07 IST" time="0.016" errors="0">
  <testcase name="test15" time="0.016" classname="org.maven.MavenProject.SampleTest"/>
  <system-out/>
  <testcase name="test11" time="0.000" classname="org.maven.MavenProject.SampleTest"/>
  <system-out/>
  <testcase name="test14" time="0.000" classname="org.maven.MavenProject.SampleTest"/>
  <system-out/>
  <testcase name="test12" time="0.000" classname="org.maven.MavenProject.SampleTest"/>
  <system-out/>
  <testcase name="test13" time="0.000" classname="org.maven.MavenProject.SampleTest"/>
  <system-out/>
</testsuite> <!-- org.maven.MavenProject.SampleTest -->
